INFO:root:Experiment started: 2024-01-17 15:06:27.113180
INFO:root:Running experiment with labels ['PP13-Sphaleron-THR9-FRZ15-NB0-NSUBPALL', 'BH_n4_M8', 'BH_n2_M10', 'BH_n4_M10', 'BH_n6_M10', 'BH_n4_M12']
INFO:root:Number of training events: 10000
INFO:root:Number of validation events: 3000
INFO:root:Number of testing events: 15000
INFO:root:Number of experiments to run: 3
INFO:root:experiment_resnet18_1705500387_SPH_9_BH_n4_M8_BH_n2_M10_BH_n4_M10_BH_n6_M10_BH_n4_M12_CUT
INFO:root:Running on the GPU
INFO:root:Iteration 0
INFO:root:Accuracy: 0.5580333333333334
INFO:root:Time elapsed: 428 seconds: 7.133333333333334 min.
INFO:root:Iteration 1
INFO:root:Accuracy: 0.5310555555555555
INFO:root:Time elapsed: 418 seconds: 6.966666666666667 min.
INFO:root:Iteration 2
INFO:root:Accuracy: 0.5796555555555556
INFO:root:Time elapsed: 409 seconds: 6.816666666666666 min.
INFO:root:   n resolution training samples epochs  learning rate                                 transforms filters  mean accuracy  std accuracy
0  3         50            60000     30          0.001  [RandomVerticalFlip(p=0.5), RandomRoll()]  divide       0.556248      0.019881
INFO:root:Experiment ended 2024-01-17 15:28:40.573775
