INFO:root:Experiment started: 2023-12-18 21:44:55.317876
INFO:root:Running experiment with labels ['PP13-Sphaleron-THR9-FRZ15-NB0-NSUBPALL', 'BH_n2_M10', 'BH_n4_M8', 'BH_n4_M10', 'BH_n4_M12', 'BH_n6_M10']
INFO:root:Number of training events: 10000
INFO:root:Number of validation events: 3000
INFO:root:Number of testing events: 15000
INFO:root:Number of experiments to run: 5
INFO:root:experiment_resnet_1702932295_SPH_9_BH_n2_M10_BH_n4_M8_BH_n4_M10_BH_n4_M12_BH_n6_M10_CUT
INFO:root:Running on the GPU
INFO:root:Iteration 0
INFO:root:Accuracy: 0.5700333333333333
INFO:root:Time elapsed: 751 seconds: 12.516666666666667 min.
INFO:root:Iteration 1
INFO:root:Accuracy: 0.5834555555555555
INFO:root:Time elapsed: 728 seconds: 12.133333333333333 min.
INFO:root:Iteration 2
INFO:root:Accuracy: 0.5701777777777778
INFO:root:Time elapsed: 736 seconds: 12.266666666666667 min.
INFO:root:Iteration 3
INFO:root:Accuracy: 0.5764888888888889
INFO:root:Time elapsed: 729 seconds: 12.15 min.
INFO:root:Iteration 4
INFO:root:Accuracy: 0.5771555555555555
INFO:root:Time elapsed: 734 seconds: 12.233333333333333 min.
INFO:root:   n resolution training samples epochs learning rate                                 transforms filters mean accuracy std accuracy
0  5         50            60000     30         0.001  [RandomVerticalFlip(p=0.5), RandomRoll()]    None      0.575462     0.005004
INFO:root:Experiment ended 2023-12-18 22:47:37.650024
