INFO:root:Experiment started: 2023-12-21 10:04:31.376112
INFO:root:Running experiment with labels ['PP13-Sphaleron-THR9-FRZ15-NB0-NSUBPALL', 'BH_n2_M10', 'BH_n4_M8', 'BH_n4_M10', 'BH_n4_M12', 'BH_n6_M10']
INFO:root:Number of training events: 10000
INFO:root:Number of validation events: 3000
INFO:root:Number of testing events: 15000
INFO:root:Number of experiments to run: 3
INFO:root:experiment_resnet18_1703149471_SPH_9_BH_n2_M10_BH_n4_M8_BH_n4_M10_BH_n4_M12_BH_n6_M10_CUT
INFO:root:Running on the GPU
INFO:root:Iteration 0
INFO:root:Accuracy: 0.5298111111111111
INFO:root:Time elapsed: 398 seconds: 6.633333333333334 min.
INFO:root:Iteration 1
INFO:root:Accuracy: 0.5389
INFO:root:Time elapsed: 357 seconds: 5.95 min.
INFO:root:Iteration 2
INFO:root:Accuracy: 0.5275777777777778
INFO:root:Time elapsed: 357 seconds: 5.95 min.
INFO:root:   n resolution training samples epochs learning rate                   transforms filters mean accuracy std accuracy
0  3         50            60000     30         0.001  [RandomVerticalFlip(p=0.5)]    None      0.532096     0.004897
INFO:root:Experiment ended 2023-12-21 10:24:20.003285
