INFO:root:Experiment started: 2023-12-19 09:19:05.133922
INFO:root:Running experiment with labels ['PP13-Sphaleron-THR9-FRZ15-NB0-NSUBPALL', 'BH_n2_M10', 'BH_n4_M8', 'BH_n4_M10', 'BH_n4_M12', 'BH_n6_M10']
INFO:root:Number of training events: 10000
INFO:root:Number of validation events: 3000
INFO:root:Number of testing events: 15000
INFO:root:Number of experiments to run: 5
INFO:root:experiment_resnet_1702973945_SPH_9_BH_n2_M10_BH_n4_M8_BH_n4_M10_BH_n4_M12_BH_n6_M10_CUT
INFO:root:Running on the GPU
INFO:root:Iteration 0
INFO:root:Accuracy: 0.5507777777777778
INFO:root:Time elapsed: 333 seconds: 5.55 min.
INFO:root:Iteration 1
INFO:root:Accuracy: 0.5433222222222223
INFO:root:Time elapsed: 322 seconds: 5.366666666666666 min.
INFO:root:Iteration 2
INFO:root:Accuracy: 0.5464333333333333
INFO:root:Time elapsed: 325 seconds: 5.416666666666667 min.
INFO:root:Iteration 3
INFO:root:Accuracy: 0.5460777777777778
INFO:root:Time elapsed: 325 seconds: 5.416666666666667 min.
INFO:root:Iteration 4
INFO:root:Accuracy: 0.5429
INFO:root:Time elapsed: 333 seconds: 5.55 min.
INFO:root:   n resolution training samples epochs learning rate                   transforms filters mean accuracy std accuracy
0  5         50            60000     30         0.001  [RandomVerticalFlip(p=0.5)]    None      0.545902      0.00282
INFO:root:Experiment ended 2023-12-19 09:47:45.692579
