INFO:root:Experiment started: 2023-10-09 11:46:49.324657
INFO:root:Running experiment with labels ['PP13-Sphaleron-THR9-FRZ15-NB0-NSUBPALL', 'BH_n2_M10', 'BH_n4_M8', 'BH_n4_M10', 'BH_n4_M12', 'BH_n6_M10']
INFO:root:Number of training events: 10000
INFO:root:Number of validation events: 3000
INFO:root:Number of testing events: 15000
INFO:root:Number of experiments to run: 5
INFO:root:experiment_resnet_1696844809_SPH_9_BH_n2_M10_BH_n4_M8_BH_n4_M10_BH_n4_M12_BH_n6_M10_CUT
INFO:root:Running on the GPU
INFO:root:Iteration 0
INFO:root:Accuracy: 0.5078
INFO:root:Time elapsed: 1553 seconds: 25.883333333333333 min.
INFO:root:Iteration 1
INFO:root:Accuracy: 0.5059222222222223
INFO:root:Time elapsed: 1394 seconds: 23.233333333333334 min.
INFO:root:Iteration 2
INFO:root:Accuracy: 0.5128
INFO:root:Time elapsed: 1450 seconds: 24.166666666666668 min.
INFO:root:Iteration 3
INFO:root:Accuracy: 0.48495555555555553
INFO:root:Time elapsed: 1456 seconds: 24.266666666666666 min.
INFO:root:Iteration 4
INFO:root:Accuracy: 0.4987111111111111
INFO:root:Time elapsed: 1498 seconds: 24.966666666666665 min.
INFO:root:   n resolution training samples epochs learning rate                                 transforms filters mean accuracy std accuracy
0  5         50            60000     40         0.001  [RandomVerticalFlip(p=0.5), RandomRoll()]    None      0.502038     0.009664
INFO:root:Experiment ended 2023-10-09 13:49:53.324795
