INFO:root:Experiment started: 2024-01-18 10:18:13.495637
INFO:root:Running experiment with labels ['PP13-Sphaleron-THR9-FRZ15-NB0-NSUBPALL', 'BH_n4_M8', 'BH_n2_M10', 'BH_n4_M10', 'BH_n6_M10', 'BH_n4_M12']
INFO:root:Number of training events: 10000
INFO:root:Number of validation events: 3000
INFO:root:Number of testing events: 15000
INFO:root:Number of experiments to run: 5
INFO:root:experiment_resnet18_1705569493_SPH_9_BH_n4_M8_BH_n2_M10_BH_n4_M10_BH_n6_M10_BH_n4_M12_CUT
INFO:root:Running on the GPU
INFO:root:Iteration 0
INFO:root:Accuracy: 0.5732111111111111
INFO:root:Time elapsed: 469 seconds: 7.816666666666666 min.
INFO:root:Iteration 1
INFO:root:Accuracy: 0.5579111111111111
INFO:root:Time elapsed: 494 seconds: 8.233333333333333 min.
INFO:root:Iteration 2
INFO:root:Accuracy: 0.5779222222222222
INFO:root:Time elapsed: 472 seconds: 7.866666666666666 min.
INFO:root:Iteration 3
INFO:root:Accuracy: 0.5731888888888889
INFO:root:Time elapsed: 443 seconds: 7.383333333333334 min.
INFO:root:Iteration 4
INFO:root:Accuracy: 0.5393111111111111
INFO:root:Time elapsed: 473 seconds: 7.883333333333334 min.
INFO:root:   n resolution training samples epochs  learning rate                                 transforms filters  mean accuracy  std accuracy
0  5         50            60000     30          0.001  [RandomVerticalFlip(p=0.5), RandomRoll()]  divide       0.564309      0.014207
INFO:root:Experiment ended 2024-01-18 10:58:49.743746
