INFO:root:Experiment started: 2024-06-06 12:03:24.257107
INFO:root:Running experiment with labels ['PP13-Sphaleron-THR9-FRZ15-NB0-NSUBPALL', 'BH_n4_M8', 'BH_n4_M10', 'BH_n4_M12']
INFO:root:Number of training events: 10000
INFO:root:Number of validation events: 3000
INFO:root:Number of testing events: 3000
INFO:root:Number of experiments to run: 3
INFO:root:experiment_resnet18_1717668204_SPH_9_BH_n4_M8_BH_n4_M10_BH_n4_M12_CUT
INFO:root:Running on the GPU
INFO:root:Iteration 0
INFO:root:Accuracy: 0.855
INFO:root:Time elapsed: 361 seconds: 6.016666666666667 min.
INFO:root:Iteration 1
INFO:root:Accuracy: 0.8436666666666667
INFO:root:Time elapsed: 357 seconds: 5.95 min.
INFO:root:Iteration 2
INFO:root:Accuracy: 0.75175
INFO:root:Time elapsed: 357 seconds: 5.95 min.
INFO:root:   n resolution training samples epochs  learning rate                                 transforms filters  mean accuracy  std accuracy
0  3         50            40000     40          0.001  [RandomVerticalFlip(p=0.5), RandomRoll()]    None       0.816806      0.046233
INFO:root:Experiment ended 2024-06-06 12:21:46.569403
