INFO:root:Experiment started: 2023-12-19 12:26:21.590718
INFO:root:Running experiment with labels ['PP13-Sphaleron-THR9-FRZ15-NB0-NSUBPALL', 'BH_n2_M10', 'BH_n4_M8', 'BH_n4_M10', 'BH_n4_M12', 'BH_n6_M10']
INFO:root:Number of training events: 10000
INFO:root:Number of validation events: 3000
INFO:root:Number of testing events: 15000
INFO:root:Number of experiments to run: 5
INFO:root:experiment_resnet_1702985181_SPH_9_BH_n2_M10_BH_n4_M8_BH_n4_M10_BH_n4_M12_BH_n6_M10_CUT
INFO:root:Running on the GPU
INFO:root:Iteration 0
INFO:root:Accuracy: 0.3819444444444444
INFO:root:Time elapsed: 649 seconds: 10.816666666666666 min.
INFO:root:Iteration 1
INFO:root:Accuracy: 0.43516666666666665
INFO:root:Time elapsed: 633 seconds: 10.55 min.
INFO:root:Iteration 2
INFO:root:Accuracy: 0.41702222222222224
INFO:root:Time elapsed: 633 seconds: 10.55 min.
INFO:root:Iteration 3
INFO:root:Accuracy: 0.4239888888888889
INFO:root:Time elapsed: 631 seconds: 10.516666666666667 min.
INFO:root:Iteration 4
INFO:root:Accuracy: 0.4030666666666667
INFO:root:Time elapsed: 632 seconds: 10.533333333333333 min.
INFO:root:   n resolution training samples epochs learning rate                                      transforms filters mean accuracy std accuracy
0  5         50            60000     30         0.001  [RandomVerticalFlip(p=0.5), CircularPadding()]    None      0.412238     0.018377
INFO:root:Experiment ended 2023-12-19 13:20:40.313886
