INFO:root:Experiment started: 2023-12-20 13:22:26.886446
INFO:root:Running experiment with labels ['PP13-Sphaleron-THR9-FRZ15-NB0-NSUBPALL', 'BH_n2_M10', 'BH_n4_M8', 'BH_n4_M10', 'BH_n4_M12', 'BH_n6_M10']
INFO:root:Number of training events: 10000
INFO:root:Number of validation events: 3000
INFO:root:Number of testing events: 15000
INFO:root:Number of experiments to run: 10
INFO:root:experiment_resnet18_1703074946_SPH_9_BH_n2_M10_BH_n4_M8_BH_n4_M10_BH_n4_M12_BH_n6_M10_CUT
INFO:root:Running on the GPU
INFO:root:Iteration 0
INFO:root:Accuracy: 0.5884111111111111
INFO:root:Time elapsed: 699 seconds: 11.65 min.
INFO:root:Iteration 1
INFO:root:Accuracy: 0.5518777777777778
INFO:root:Time elapsed: 701 seconds: 11.683333333333334 min.
INFO:root:Iteration 2
INFO:root:Accuracy: 0.5863888888888888
INFO:root:Time elapsed: 663 seconds: 11.05 min.
INFO:root:Iteration 3
INFO:root:Accuracy: 0.5711
INFO:root:Time elapsed: 719 seconds: 11.983333333333333 min.
INFO:root:Iteration 4
INFO:root:Accuracy: 0.5833111111111111
INFO:root:Time elapsed: 668 seconds: 11.133333333333333 min.
INFO:root:Iteration 5
INFO:root:Accuracy: 0.5751666666666667
INFO:root:Time elapsed: 667 seconds: 11.116666666666667 min.
INFO:root:Iteration 6
INFO:root:Accuracy: 0.5663555555555555
INFO:root:Time elapsed: 663 seconds: 11.05 min.
INFO:root:Iteration 7
INFO:root:Accuracy: 0.5849111111111112
INFO:root:Time elapsed: 663 seconds: 11.05 min.
INFO:root:Iteration 8
INFO:root:Accuracy: 0.5865777777777778
INFO:root:Time elapsed: 665 seconds: 11.083333333333334 min.
INFO:root:Iteration 9
INFO:root:Accuracy: 0.5794333333333334
INFO:root:Time elapsed: 667 seconds: 11.116666666666667 min.
INFO:root:    n resolution training samples epochs learning rate                                 transforms filters mean accuracy std accuracy
0  10         50            60000     50         0.001  [RandomVerticalFlip(p=0.5), RandomRoll()]    None      0.577353     0.010953
INFO:root:Experiment ended 2023-12-20 15:16:39.915137
