INFO:root://1660034748//
INFO:root:Reading file /disk/atlas3/data_MC/delphes/ttbar_13TeV_pTmin1000_10000events.root
INFO:root:Number of events loaded: [10000]
INFO:root:Padding towers to size: 450
INFO:root:Padding tracks to size: 242
INFO:root:Image shape: (10000, 100, 100, 3)
INFO:root:File saved as: /disk/atlas3/data_MC/2dhistograms/ttbar_13TeV_pTmin1000_10000_events_n.h5
INFO:root://2022-08-09 10:48:06.546282//
INFO:root:Reading file /disk/atlas3/data_MC/delphes/ttbar_13TeV_pTmin1000_10000events.root
INFO:root:Number of events loaded: [10000]
INFO:root:Padding towers to size: 450
INFO:root:Padding tracks to size: 242
INFO:root:Check max value: 1707.0408935546875
INFO:root:Image shape: (10000, 100, 100, 3)
INFO:root:File saved as: /disk/atlas3/data_MC/2dhistograms/ttbar_13TeV_pTmin1000_10000_events_n.h5
INFO:root://2022-08-09 10:50:58.790824//
INFO:root:Reading file /disk/atlas3/data_MC/delphes/ttbar_13TeV_pTmin1000_10000events.root
INFO:root:Number of events loaded: [10000]
INFO:root:Padding towers to size: 450
INFO:root:Padding tracks to size: 242
INFO:root:Image data shape: (10000, 100, 100, 3)
INFO:root:Applying filters: ['none']
INFO:root:Check max value: 1707.0408935546875
INFO:root:File saved as: /disk/atlas3/data_MC/2dhistograms/ttbar_13TeV_pTmin1000_10000_events_n.h5
INFO:root://2022-08-09 10:52:27.613731//
INFO:root:Reading file /disk/atlas3/data_MC/delphes/ttbar_13TeV_pTmin1000_10000events.root
INFO:root:Number of events loaded: [10000]
INFO:root:Padding towers to size: 450
INFO:root:Padding tracks to size: 242
INFO:root:Image data shape: (10000, 100, 100, 3)
INFO:root:Applying filters: ['none']
INFO:root:Check max value: 5552.55126953125
INFO:root:File saved as: /disk/atlas3/data_MC/2dhistograms/ttbar_13TeV_pTmin1000_10000_events_n.h5
INFO:root://2022-08-09 10:56:16.959378//
INFO:root:Reading file /disk/atlas3/data_MC/delphes/ttbar_13TeV_pTmin1000_10000events.root
INFO:root:Number of events loaded: [10000]
INFO:root:Padding towers to size: 450
INFO:root:Padding tracks to size: 242
INFO:root:Image data shape: (10000, 100, 100, 3)
INFO:root:Applying filters: ['none']
INFO:root:Check max value: 5552.55126953125
INFO:root:File saved as: /disk/atlas3/data_MC/2dhistograms/ttbar_13TeV_pTmin1000_10000_events_n.h5
INFO:root://2022-08-09 10:57:14.229447//
INFO:root:Reading file /disk/atlas3/data_MC/delphes/black_holes_10000events.root
INFO:root:Number of events loaded: [9996]
INFO:root:Padding towers to size: 641
INFO:root:Padding tracks to size: 408
INFO:root:Image data shape: (9996, 100, 100, 3)
INFO:root:Applying filters: ['none']
INFO:root:Check max value: 17177.828260153532
INFO:root:File saved as: /disk/atlas3/data_MC/2dhistograms/black_holes_9996_events_n.h5
INFO:root://2022-08-09 10:57:32.498476//
INFO:root:Reading file /disk/atlas3/data_MC/delphes/sphalerons.root
INFO:root:Number of events loaded: [10000]
INFO:root:Padding towers to size: 705
INFO:root:Padding tracks to size: 420
INFO:root:Image data shape: (10000, 100, 100, 3)
INFO:root:Applying filters: ['none']
INFO:root:Check max value: 14753.7724609375
INFO:root:File saved as: /disk/atlas3/data_MC/2dhistograms/sphalerons_10000_events_n.h5
INFO:root://2022-08-29 11:05:45.246300//
INFO:root:Reading file /disk/atlas3/data_MC/delphes/directW_min300pTHat_10000events.root
INFO:root:Number of events loaded: [10000]
INFO:root:Padding towers to size: 430
INFO:root:Padding tracks to size: 142
INFO:root:Image data shape: (10000, 120, 120, 3)
INFO:root://2022-08-29 11:07:37.016806//
INFO:root:Reading file /disk/atlas3/data_MC/delphes/directW_min300pTHat_10000events.root
INFO:root:Number of events loaded: [10000]
INFO:root:Padding towers to size: 430
INFO:root:Padding tracks to size: 142
INFO:root:Image data shape: (10000, 120, 120, 3)
INFO:root:File saved as: /disk/atlas3/data_MC/2dhistograms/directW_pTHatMin300_10000_events.h5
INFO:root://2022-08-29 11:13:58.299886//
INFO:root:Reading file /disk/atlas3/data_MC/delphes/ttbar_10000events.root
INFO:root:Number of events loaded: [10000]
INFO:root:Padding towers to size: 405
INFO:root:Padding tracks to size: 185
INFO:root:Image data shape: (10000, 120, 120, 3)
INFO:root:File saved as: /disk/atlas3/data_MC/2dhistograms/ttbar_10000_events.h5
INFO:root://2022-08-29 15:05:19.512160//
INFO:root:Reading file /disk/atlas3/data_MC/delphes/directW_min300pTHat_10000events.root
INFO:root://2022-08-29 15:05:39.895361//
INFO:root:Reading file /disk/atlas3/data_MC/delphes/directW_min300pTHat_10000events.root
INFO:root:Number of events loaded: [10000]
INFO:root:Padding towers to size: 430
INFO:root:Padding tracks to size: 142
INFO:root:Image data shape: (10000, 120, 120, 3)
INFO:root:File saved as: /disk/atlas3/data_MC/2dhistograms/directW_min300pTHat_10000_events.h5
INFO:root://2022-08-29 15:06:32.461787//
INFO:root:Reading file /disk/atlas3/data_MC/delphes/ttbar_10000events.root
INFO:root:Number of events loaded: [10000]
INFO:root:Padding towers to size: 405
INFO:root:Padding tracks to size: 185
INFO:root:Image data shape: (10000, 120, 120, 3)
INFO:root:File saved as: /disk/atlas3/data_MC/2dhistograms/ttbar_10000_events.h5
